<?xml version="1.0" encoding="UTF-8"?>
<!-- Generated by org.testng.reporters.JUnitReportReporter -->
<testsuite skipped="0" hostname="Lenovo" name="session8.ObjectHandler" tests="1" failures="0" timestamp="04 Aug 2018 10:34:04 GMT" time="0.031" errors="0">
  <testcase name="test" time="0.031" classname="session8.ObjectHandler"/>
</testsuite> <!-- session8.ObjectHandler -->
