<?xml version="1.0" encoding="UTF-8"?>
<!-- Generated by org.testng.reporters.JUnitReportReporter -->
<testsuite skipped="0" hostname="Lenovo" name="session8.testng1" tests="2" failures="0" timestamp="04 Aug 2018 11:02:27 GMT" time="34.604" errors="0">
  <testcase name="test1" time="19.946" classname="session8.testng1"/>
  <testcase name="test2" time="14.658" classname="session8.testng1"/>
</testsuite> <!-- session8.testng1 -->
