<?xml version="1.0" encoding="UTF-8"?>
<!-- Generated by org.testng.reporters.JUnitReportReporter -->
<testsuite skipped="1" hostname="Lenovo" name="session8.testng2" tests="2" failures="0" timestamp="04 Aug 2018 11:02:27 GMT" time="17.806" errors="0">
  <testcase name="testing1" time="17.806" classname="session8.testng2"/>
  <testcase name="testing2" classname="session8.testng2">
    <skipped/>
  </testcase> <!-- testing2 -->
</testsuite> <!-- session8.testng2 -->
